<html>
<body>
<pre>
<h1>Vision Build Log</h1>
<h2>Tool Versions:</h2>
IDE-Version: μVision V5.28.0.0
Copyright (C) 2019 ARM Ltd and ARM Germany GmbH. All rights reserved.
License Information: yyy Administrator, yyy, LIC=KRMW3-AWW6M-JJY6S-LFBAV-TJ5CS-LT6Y5
 
Tool Versions:
Toolchain:       MDK-ARM Plus  Version: 5.28.0.0
Toolchain Path:  C:\Keil_v5\ARM\ARMCC\Bin
C Compiler:      Armcc.exe V5.06 update 6 (build 750)
Assembler:       Armasm.exe V5.06 update 6 (build 750)
Linker/Locator:  ArmLink.exe V5.06 update 6 (build 750)
Library Manager: ArmAr.exe V5.06 update 6 (build 750)
Hex Converter:   FromElf.exe V5.06 update 6 (build 750)
CPU DLL:         SARMCM3.DLL V5.28.0.0
Dialog DLL:      DCM.DLL V1.17.3.0
Target DLL:      Segger\JL2CM3.dll V2.99.36.0
Dialog DLL:      TCM.DLL V1.36.2.0
 
<h2>Project:</h2>
E:\Yjh开发\16.新天润采集器添加楼栋调节阀\FY-1102_V21_20200523\MDK-ARM\FY-1102.uvprojx
Project File Date:  04/23/2020

<h2>Output:</h2>
*** Using Compiler 'V5.06 update 6 (build 750)', folder: 'C:\Keil_v5\ARM\ARMCC\Bin'
Build target 'FY-1102'
compiling NWKmodbus.c...
..\Src\APP\ClientApp.h(81): error:  #20: identifier "NWK_Pack_Uni" is undefined
  	NWK_Pack_Uni   NWKData;
..\Src\NWKmodbus.c(22): warning:  #177-D: variable "CMD"  was declared but never referenced
      INT8U  CMD;
..\Src\NWKmodbus.c(180): warning:  #223-D: function "DDF2_Pack_Rx_S" declared implicitly
  		CheckFlg =DDF2_Pack_Rx_S(Ctrl_Point,ProtoNO);
..\Src\NWKmodbus.c(217): warning:  #223-D: function "NWK_Pack_0X02_S" declared implicitly
              ErrorFlg =NWK_Pack_0X02_S(Ctrl_Point);
..\Src\NWKmodbus.c(225): error:  #20: identifier "Meter_NWK" is undefined
                  if(DevType ==Meter_NWK )           
..\Src\NWKmodbus.c(227): error:  #136: union "<unnamed>"  has no field "Pack_02"
                      if(0x01==PackData->Pack_02.IN)
..\Src\NWKmodbus.c(231): error:  #136: union "<unnamed>"  has no field "Pack_02"
                      else if(0x00==PackData->Pack_02.IN)
..\Src\NWKmodbus.c(315): warning:  #223-D: function "NWK_Pack_0X04_S" declared implicitly
  			ErrorFlg =NWK_Pack_0X04_S(Ctrl_Point);
..\Src\NWKmodbus.c(352): error:  #136: struct "<unnamed>"  has no field "Register_Addr_H"
  	PackData->Pack.Register_Addr_H 	        = 0X00;
..\Src\NWKmodbus.c(353): error:  #136: struct "<unnamed>"  has no field "Register_Addr_L"
  	PackData->Pack.Register_Addr_L          = 0X00;
..\Src\NWKmodbus.c(355): error:  #136: struct "<unnamed>"  has no field "Register_Num_H"
  	PackData->Pack.Register_Num_H 	        = 0X00;
..\Src\NWKmodbus.c(356): error:  #136: struct "<unnamed>"  has no field "Register_Num_L"
  	PackData->Pack.Register_Num_L  	        = 0X1C;
..\Src\NWKmodbus.c: 4 warnings, 8 errors
compiling ClientApp.c...
compiling check.c...
compiling modbus.c...
compiling DevPara.c...
compiling SysPara.c...
compiling main.c...
compiling FY1000Pro.c...
compiling FY188Pro.c...
compiling HT2X188Pro.c...
compiling HZCRL_XPro.c...
compiling XY188Pro.c...
compiling FY2000Pro.c...
compiling BRC188Pro.c...
compiling stm32f4xx_hal_msp.c...
compiling DDF2Pro.c...
compiling M4_UART1.c...
compiling M4_CRC.c...
compiling M4_UART2.c...
compiling M4_UART3.c...
compiling M4_SDIO.c...
compiling ZM.c...
compiling UC1698.c...
compiling M4_IIC2.c...
compiling COM_Server.c...
compiling UpdateParm.c...
compiling Sys_State.c...
compiling debug.c...
compiling Heartbeat.c...
compiling Serialization.c...
compiling Calculate.c...
compiling APP_UI.c...
".\FY-1102\FY-1102.axf" - 8 Error(s), 4 Warning(s).

<h2>Software Packages used:</h2>

Package Vendor: ARM
                http://www.keil.com/pack/ARM.CMSIS.5.5.1.pack
                ARM.CMSIS.5.5.1
                CMSIS (Cortex Microcontroller Software Interface Standard)
   * Component: CORE Version: 5.2.0

Package Vendor: Keil
                http://www.keil.com/pack/Keil.STM32F4xx_DFP.2.13.0.pack
                Keil.STM32F4xx_DFP.2.13.0
                STMicroelectronics STM32F4 Series Device Support, Drivers and Examples

<h2>Collection of Component include folders:</h2>
  .\RTE\_FY-1102
  C:\Users\Administrator\AppData\Local\Arm\Packs\ARM\CMSIS\5.5.1\CMSIS\Core\Include
  C:\Users\Administrator\AppData\Local\Arm\Packs\Keil\STM32F4xx_DFP\2.13.0\Drivers\CMSIS\Device\ST\STM32F4xx\Include

<h2>Collection of Component Files used:</h2>

   * Component: ARM::CMSIS:CORE:5.2.0
Target not created.
Build Time Elapsed:  00:00:58
</pre>
</body>
</html>
